{
  "stats": {
    "suites": 21,
    "tests": 37,
    "passes": 34,
    "pending": 0,
    "failures": 3,
    "start": "2022-04-28T10:12:51.445Z",
    "end": "2022-04-28T10:38:12.972Z",
    "duration": 1088138,
    "testsRegistered": 37,
    "passPercent": 91.89189189189189,
    "pendingPercent": 0,
    "other": 0,
    "hasOther": false,
    "skipped": 0,
    "hasSkipped": false
  },
  "results": [
    {
      "uuid": "fe2960e6-2ee9-44e6-ba77-b2a54a490b66",
      "title": "",
      "fullFile": "cypress/integration/automation-test-store/alias-invoke.js",
      "file": "cypress/integration/automation-test-store/alias-invoke.js",
      "beforeHooks": [],
      "afterHooks": [],
      "tests": [],
      "suites": [
        {
          "uuid": "2b1f264b-ecfa-49c8-b3bf-a810d49bc29b",
          "title": "alias and invoke",
          "fullFile": "",
          "file": "",
          "beforeHooks": [],
          "afterHooks": [],
          "tests": [
            {
              "title": "calculate total of normal and discounted product",
              "fullTitle": "alias and invoke calculate total of normal and discounted product",
              "timedOut": null,
              "duration": 9198,
              "state": "passed",
              "speed": "medium",
              "pass": true,
              "fail": false,
              "pending": false,
              "context": null,
              "code": "cy.visit(\"https://automationteststore.com/\");\ncy.get(\".thumbnail\").as(\"productThumbnail\"); // cy.get(\"@productThumbnail\")\n//   .find(\".oneprice\")\n//   .each(($el, index, $list) => {\n//     cy.log($el.text());\n//   });\ncy.get(\".thumbnail\").find(\".oneprice\").invoke(\"text\").as(\"itemPrice\");\ncy.get(\".thumbnail\").find(\".pricenew\").invoke(\"text\").as(\"discountedPrice\");\nvar itemTotal = 0;\ncy.get(\"@itemPrice\").then($linkText => {\n  var itemPriceTotal = 0;\n  var itemPrice = $linkText.split(\"$\");\n  console.log(itemPrice);\n  for (var i = 0; i < itemPrice.length; i++) {\n    cy.log(itemPrice[i]);\n    itemPriceTotal += Number(itemPrice[i]);\n  }\n  itemTotal += itemPriceTotal;\n  cy.log(\"normal price total = \" + itemPriceTotal);\n});\ncy.get(\"@discountedPrice\").then($linkText => {\n  var dicountedPriceTotal = 0;\n  var discountedPrice = $linkText.split(\"$\");\n  console.log(discountedPrice);\n  for (var i = 0; i < discountedPrice.length; i++) {\n    cy.log(discountedPrice[i]);\n    dicountedPriceTotal += Number(discountedPrice[i]);\n  }\n  itemTotal += dicountedPriceTotal;\n  cy.log(\"discounted price total = \" + dicountedPriceTotal);\n  cy.log(\"total: \" + itemTotal);\n}).then(() => {\n  expect(itemTotal).to.equal(648.5);\n});",
              "err": {},
              "uuid": "681cc9c0-c932-47cd-8f1c-3a52ffeb98a5",
              "parentUUID": "2b1f264b-ecfa-49c8-b3bf-a810d49bc29b",
              "isHook": false,
              "skipped": false
            }
          ],
          "suites": [],
          "passes": [
            "681cc9c0-c932-47cd-8f1c-3a52ffeb98a5"
          ],
          "failures": [],
          "pending": [],
          "skipped": [],
          "duration": 9198,
          "root": false,
          "rootEmpty": false,
          "_timeout": 2000
        }
      ],
      "passes": [],
      "failures": [],
      "pending": [],
      "skipped": [],
      "duration": 0,
      "root": true,
      "rootEmpty": true,
      "_timeout": 2000
    },
    {
      "uuid": "aeb95bd5-de6a-454c-80a0-6588213c597f",
      "title": "",
      "fullFile": "cypress/integration/automation-test-store/contact-us.js",
      "file": "cypress/integration/automation-test-store/contact-us.js",
      "beforeHooks": [],
      "afterHooks": [],
      "tests": [],
      "suites": [
        {
          "uuid": "a261bc02-56eb-448e-87b5-a1c7d5c0b3d3",
          "title": "test group contact us form",
          "fullFile": "",
          "file": "",
          "beforeHooks": [],
          "afterHooks": [],
          "tests": [
            {
              "title": "should be able to submit contact us form",
              "fullTitle": "test group contact us form should be able to submit contact us form",
              "timedOut": null,
              "duration": 11754,
              "state": "passed",
              "speed": "slow",
              "pass": true,
              "fail": false,
              "pending": false,
              "context": null,
              "code": "cy.visit(\"https://automationteststore.com/\");\ncy.get(\"a[href$=contact]\").click().then(function (text) {\n  cy.log(text.text());\n}); ////a[contains(@href,'contact')]\n//cy.xpath(\"//a[contains(@href, 'contact')]\").click();\ncy.get(\"@user\").then(user => {\n  cy.get(\"#ContactUsFrm_first_name\").type(user.first_name);\n  cy.get(\"#ContactUsFrm_email\").type(user.email);\n});\ncy.get(\"#ContactUsFrm_enquiry\").type(\"enquiry\");\ncy.get(\"button[title='Submit']\").click();\ncy.get(\".mb40 > :nth-child(3)\").should(\"have.text\", \"Your enquiry has been successfully sent to the store owner!\"); //cy.log()\ncy.log(\"logs\");",
              "err": {},
              "uuid": "b05fbdfc-b0eb-471a-9812-723cad6d4097",
              "parentUUID": "a261bc02-56eb-448e-87b5-a1c7d5c0b3d3",
              "isHook": false,
              "skipped": false
            }
          ],
          "suites": [],
          "passes": [
            "b05fbdfc-b0eb-471a-9812-723cad6d4097"
          ],
          "failures": [],
          "pending": [],
          "skipped": [],
          "duration": 11754,
          "root": false,
          "rootEmpty": false,
          "_timeout": 2000
        }
      ],
      "passes": [],
      "failures": [],
      "pending": [],
      "skipped": [],
      "duration": 0,
      "root": true,
      "rootEmpty": true,
      "_timeout": 2000
    },
    {
      "uuid": "d0e3385c-9f91-4348-8b2a-b967015dad08",
      "title": "",
      "fullFile": "cypress/integration/automation-test-store/inspect.js",
      "file": "cypress/integration/automation-test-store/inspect.js",
      "beforeHooks": [],
      "afterHooks": [],
      "tests": [],
      "suites": [
        {
          "uuid": "ff307324-38df-48ff-893d-6a2f7b1f94d7",
          "title": "inspect using chain of commands",
          "fullFile": "",
          "file": "",
          "beforeHooks": [],
          "afterHooks": [],
          "tests": [
            {
              "title": "click on the first item using item text",
              "fullTitle": "inspect using chain of commands click on the first item using item text",
              "timedOut": null,
              "duration": 9689,
              "state": "passed",
              "speed": "medium",
              "pass": true,
              "fail": false,
              "pending": false,
              "context": null,
              "code": "cy.visit(\"https://automationteststore.com/\");\ncy.get(\".prdocutname\").contains(\"Skinsheen Bronzer Stick\").click().then(function (itemHeaderText) {\n  console.log(\"selected the following item:\" + itemHeaderText.text());\n});\nconsole.log(\"test\");",
              "err": {},
              "uuid": "41aa927e-3649-4c68-995b-9bac76c3ddf6",
              "parentUUID": "ff307324-38df-48ff-893d-6a2f7b1f94d7",
              "isHook": false,
              "skipped": false
            }
          ],
          "suites": [],
          "passes": [
            "41aa927e-3649-4c68-995b-9bac76c3ddf6"
          ],
          "failures": [],
          "pending": [],
          "skipped": [],
          "duration": 9689,
          "root": false,
          "rootEmpty": false,
          "_timeout": 2000
        }
      ],
      "passes": [],
      "failures": [],
      "pending": [],
      "skipped": [],
      "duration": 0,
      "root": true,
      "rootEmpty": true,
      "_timeout": 2000
    },
    {
      "uuid": "73a19d1d-74d8-4036-bba6-bc2cb805d6aa",
      "title": "",
      "fullFile": "cypress/integration/automation-test-store/itearte.js",
      "file": "cypress/integration/automation-test-store/itearte.js",
      "beforeHooks": [],
      "afterHooks": [],
      "tests": [],
      "suites": [
        {
          "uuid": "0b844679-8650-4cb9-ab45-b96236086047",
          "title": "iterate over elemets",
          "fullFile": "",
          "file": "",
          "beforeHooks": [],
          "afterHooks": [],
          "tests": [
            {
              "title": "log info of all haircare products",
              "fullTitle": "iterate over elemets log info of all haircare products",
              "timedOut": null,
              "duration": 10699,
              "state": "passed",
              "speed": "slow",
              "pass": true,
              "fail": false,
              "pending": false,
              "context": null,
              "code": "//iteration\ncy.get(\".fixed_wrapper\").each(($el, index, $list) => {\n  cy.log(index + \" : \" + $el.text());\n});",
              "err": {},
              "uuid": "1ac36f98-4d35-49aa-a70a-4a55e77db5e8",
              "parentUUID": "0b844679-8650-4cb9-ab45-b96236086047",
              "isHook": false,
              "skipped": false
            },
            {
              "title": "click on specific product of haircare list",
              "fullTitle": "iterate over elemets click on specific product of haircare list",
              "timedOut": null,
              "duration": 7535,
              "state": "passed",
              "speed": "medium",
              "pass": true,
              "fail": false,
              "pending": false,
              "context": null,
              "code": "// cy.get(\".fixed_wrapper\").each(($el, index, $list) => {\n//   if ($el.text().includes(\"Eau Parfumee au The Vert Shampoo\")) {\n//     //$el.click(); //jquery method\n//     cy.log($el.text());\n//     cy.wrap($el).click();\n//   }\n// });\ncy.selectProduct(\"Eau Parfumee au The Vert Shampoo\");",
              "err": {},
              "uuid": "8257d78b-d03a-483d-bb2f-d9b5c04d65bb",
              "parentUUID": "0b844679-8650-4cb9-ab45-b96236086047",
              "isHook": false,
              "skipped": false
            },
            {
              "title": "click on second specific product of haircare list",
              "fullTitle": "iterate over elemets click on second specific product of haircare list",
              "timedOut": null,
              "duration": 6146,
              "state": "passed",
              "speed": "medium",
              "pass": true,
              "fail": false,
              "pending": false,
              "context": null,
              "code": "cy.selectProduct(\"Seaweed Conditioner\");",
              "err": {},
              "uuid": "ca430d87-e64d-4fd4-859c-8469098115da",
              "parentUUID": "0b844679-8650-4cb9-ab45-b96236086047",
              "isHook": false,
              "skipped": false
            }
          ],
          "suites": [],
          "passes": [
            "1ac36f98-4d35-49aa-a70a-4a55e77db5e8",
            "8257d78b-d03a-483d-bb2f-d9b5c04d65bb",
            "ca430d87-e64d-4fd4-859c-8469098115da"
          ],
          "failures": [],
          "pending": [],
          "skipped": [],
          "duration": 24380,
          "root": false,
          "rootEmpty": false,
          "_timeout": 2000
        }
      ],
      "passes": [],
      "failures": [],
      "pending": [],
      "skipped": [],
      "duration": 0,
      "root": true,
      "rootEmpty": true,
      "_timeout": 2000
    },
    {
      "uuid": "2b2e551c-f954-4242-955e-2f5a08410d4e",
      "title": "",
      "fullFile": "cypress/integration/automation-test-store/SAA_College_Home.js",
      "file": "cypress/integration/automation-test-store/SAA_College_Home.js",
      "beforeHooks": [],
      "afterHooks": [],
      "tests": [],
      "suites": [
        {
          "uuid": "ca0514b4-06ff-4af3-9a6a-d361f121593e",
          "title": "SA College Home Page Test Suit",
          "fullFile": "",
          "file": "",
          "beforeHooks": [],
          "afterHooks": [],
          "tests": [
            {
              "title": "Fill lead through sidebar apply now ",
              "fullTitle": "SA College Home Page Test Suit Fill lead through sidebar apply now ",
              "timedOut": null,
              "duration": 929828,
              "state": "failed",
              "speed": null,
              "pass": false,
              "fail": true,
              "pending": false,
              "context": null,
              "code": "sA_College_Home_PO.getSidebarAplyNwBtn().click();\nsA_Step_1_PO.firstStepSubmission(data.name, data.email, data.mobile, data.city, data.course, data.specialization);\nsA_Step_2_PO.secondStepSubmissionMinIp();\nsA_Step_3_PO.thirdStepSubmission(data.tenthBoard, data.tenthPer, data.tenthSchoolName, data.twelthBoard, data.twelthPer, data.twelthSchoolName, data.twelthSpecialization);\nsA_Step_4_PO.fourthStepSubmissionMinIp();\notp_PO.enterOTP();\nthank_You_PO.submitQue(data.que);",
              "err": {
                "message": "CypressError: Timed out retrying after 8050ms: `cy.click()` could not be issued because this element is currently animating:\n\n`<input name=\"otp\" type=\"tel\" autocomplete=\"off\" maxlength=\"1\" class=\"form-control otp__fields\">`\n\nYou can fix this problem by:\n  - Passing `{force: true}` which disables all error checking\n  - Passing `{waitForAnimations: false}` which disables waiting on animations\n  - Passing `{animationDistanceThreshold: 20}` which decreases the sensitivity\n\nhttps://on.cypress.io/element-is-animating",
                "estack": "CypressError: Timed out retrying after 8050ms: `cy.click()` could not be issued because this element is currently animating:\n\n`<input name=\"otp\" type=\"tel\" autocomplete=\"off\" maxlength=\"1\" class=\"form-control otp__fields\">`\n\nYou can fix this problem by:\n  - Passing `{force: true}` which disables all error checking\n  - Passing `{waitForAnimations: false}` which disables waiting on animations\n  - Passing `{animationDistanceThreshold: 20}` which decreases the sensitivity\n\nhttps://on.cypress.io/element-is-animating\n    at $Cy.ensureElementIsNotAnimating (https://s1.collegedunia.com/__cypress/runner/cypress_runner.js:162721:76)\n    at ensureNotAnimating (https://s1.collegedunia.com/__cypress/runner/cypress_runner.js:149885:6)\n    at runAllChecks (https://s1.collegedunia.com/__cypress/runner/cypress_runner.js:150009:9)\n    at retryActionability (https://s1.collegedunia.com/__cypress/runner/cypress_runner.js:150041:16)\n    at tryCatcher (https://s1.collegedunia.com/__cypress/runner/cypress_runner.js:13196:23)\n    at Function.Promise.attempt.Promise.try (https://s1.collegedunia.com/__cypress/runner/cypress_runner.js:10470:29)\n    at whenStable (https://s1.collegedunia.com/__cypress/runner/cypress_runner.js:167668:63)\n    at https://s1.collegedunia.com/__cypress/runner/cypress_runner.js:167165:14\n    at tryCatcher (https://s1.collegedunia.com/__cypress/runner/cypress_runner.js:13196:23)\n    at Promise._settlePromiseFromHandler (https://s1.collegedunia.com/__cypress/runner/cypress_runner.js:11131:31)\n    at Promise._settlePromise (https://s1.collegedunia.com/__cypress/runner/cypress_runner.js:11188:18)\n    at Promise._settlePromise0 (https://s1.collegedunia.com/__cypress/runner/cypress_runner.js:11233:10)\n    at Promise._settlePromises (https://s1.collegedunia.com/__cypress/runner/cypress_runner.js:11313:18)\n    at Promise._fulfill (https://s1.collegedunia.com/__cypress/runner/cypress_runner.js:11257:18)\n    at https://s1.collegedunia.com/__cypress/runner/cypress_runner.js:12871:46\nFrom Your Spec Code:\n    at OTP_PO.enterOTP (https://s1.collegedunia.com/__cypress/tests?p=cypress/integration/automation-test-store/SAA_College_Home.js:188:51)\n    at Context.eval (https://s1.collegedunia.com/__cypress/tests?p=cypress/integration/automation-test-store/SAA_College_Home.js:161:12)",
                "diff": null
              },
              "uuid": "784350c2-2aa1-4efd-be61-880a82c70351",
              "parentUUID": "ca0514b4-06ff-4af3-9a6a-d361f121593e",
              "isHook": false,
              "skipped": false
            }
          ],
          "suites": [],
          "passes": [],
          "failures": [
            "784350c2-2aa1-4efd-be61-880a82c70351"
          ],
          "pending": [],
          "skipped": [],
          "duration": 929828,
          "root": false,
          "rootEmpty": false,
          "_timeout": 2000
        }
      ],
      "passes": [],
      "failures": [],
      "pending": [],
      "skipped": [],
      "duration": 0,
      "root": true,
      "rootEmpty": true,
      "_timeout": 2000
    },
    {
      "uuid": "1286f7d6-84e0-46f6-bb3b-485998736834",
      "title": "",
      "fullFile": "cypress/integration/automation-test-store/variable-and-cy-command.js",
      "file": "cypress/integration/automation-test-store/variable-and-cy-command.js",
      "beforeHooks": [],
      "afterHooks": [],
      "tests": [],
      "suites": [
        {
          "uuid": "037cf30d-8bd4-46a5-99e8-2dd29b8a7fe2",
          "title": "variable, cypress command and jquery command",
          "fullFile": "",
          "file": "",
          "beforeHooks": [],
          "afterHooks": [],
          "tests": [
            {
              "title": "validate property of contact us page",
              "fullTitle": "variable, cypress command and jquery command validate property of contact us page",
              "timedOut": null,
              "duration": 3889,
              "state": "passed",
              "speed": "fast",
              "pass": true,
              "fail": false,
              "pending": false,
              "context": null,
              "code": "cy.visit(\"https://automationteststore.com/index.php?rt=content/contact\"); //use cypress commands and chaining\ncy.contains(\"#ContactUsFrm\", \"Contact Us Form\").find(\"#field_11\").should(\"contain\", \"First name\"); //jquery approach\ncy.contains(\"#ContactUsFrm\", \"Contact Us Form\").then(text => {\n  const firstNameText = text.find(\"#field_11\").text();\n  expect(firstNameText).to.contain(\"First name\");\n  cy.log(firstNameText); //embedded command\n  cy.get(\"#field_11\").then(fnText => {\n    cy.log(fnText.text());\n    cy.log(fnText);\n  });\n});",
              "err": {},
              "uuid": "2b46a6e9-31c0-4292-a533-6ddafe8a35e7",
              "parentUUID": "037cf30d-8bd4-46a5-99e8-2dd29b8a7fe2",
              "isHook": false,
              "skipped": false
            }
          ],
          "suites": [],
          "passes": [
            "2b46a6e9-31c0-4292-a533-6ddafe8a35e7"
          ],
          "failures": [],
          "pending": [],
          "skipped": [],
          "duration": 3889,
          "root": false,
          "rootEmpty": false,
          "_timeout": 2000
        }
      ],
      "passes": [],
      "failures": [],
      "pending": [],
      "skipped": [],
      "duration": 0,
      "root": true,
      "rootEmpty": true,
      "_timeout": 2000
    },
    {
      "uuid": "3c42f2f8-f9c1-4e69-833a-e934db0eeffa",
      "title": "",
      "fullFile": "cypress/integration/other/same-origin-policy.js",
      "file": "cypress/integration/other/same-origin-policy.js",
      "beforeHooks": [],
      "afterHooks": [],
      "tests": [],
      "suites": [
        {
          "uuid": "4ad6b0e9-2ca7-4d7d-a659-4249d749f4e7",
          "title": "cypress web security",
          "fullFile": "",
          "file": "",
          "beforeHooks": [],
          "afterHooks": [],
          "tests": [
            {
              "title": "navigate two different domain",
              "fullTitle": "cypress web security navigate two different domain",
              "timedOut": null,
              "duration": 5730,
              "state": "failed",
              "speed": null,
              "pass": false,
              "fail": true,
              "pending": false,
              "context": null,
              "code": "cy.visit(\"https://automationteststore.com/\");\ncy.visit(\"https://webdriveruniversity.com/\");",
              "err": {
                "message": "CypressError: `cy.visit()` failed because you are attempting to visit a URL that is of a different origin.\n\nThe new URL is considered a different origin because the following parts of the URL are different:\n\n  > superdomain\n\nYou may only `cy.visit()` same-origin URLs within a single test.\n\nThe previous URL you visited was:\n\n  > 'https://automationteststore.com'\n\nYou're attempting to visit this URL:\n\n  > 'https://webdriveruniversity.com'\n\nYou may need to restructure some of your test code to avoid this problem.\n\nhttps://on.cypress.io/cannot-visit-different-origin-domain",
                "estack": "CypressError: `cy.visit()` failed because you are attempting to visit a URL that is of a different origin.\n\nThe new URL is considered a different origin because the following parts of the URL are different:\n\n  > superdomain\n\nYou may only `cy.visit()` same-origin URLs within a single test.\n\nThe previous URL you visited was:\n\n  > 'https://automationteststore.com'\n\nYou're attempting to visit this URL:\n\n  > 'https://webdriveruniversity.com'\n\nYou may need to restructure some of your test code to avoid this problem.\n\nhttps://on.cypress.io/cannot-visit-different-origin-domain\n    at cannotVisitDifferentOrigin (https://automationteststore.com/__cypress/runner/cypress_runner.js:157297:72)\n    at go (https://automationteststore.com/__cypress/runner/cypress_runner.js:158123:18)\n    at visit (https://automationteststore.com/__cypress/runner/cypress_runner.js:158311:16)\n    at Context.visit (https://automationteststore.com/__cypress/runner/cypress_runner.js:158314:14)\nFrom Your Spec Code:\n    at Context.eval (https://automationteststore.com/__cypress/tests?p=cypress/integration/other/same-origin-policy.js:104:8)",
                "diff": null
              },
              "uuid": "f42b21ae-f9dc-4ac7-993e-a624b6a24862",
              "parentUUID": "4ad6b0e9-2ca7-4d7d-a659-4249d749f4e7",
              "isHook": false,
              "skipped": false
            },
            {
              "title": "validate two different domain via user action",
              "fullTitle": "cypress web security validate two different domain via user action",
              "timedOut": null,
              "duration": 4819,
              "state": "passed",
              "speed": "fast",
              "pass": true,
              "fail": false,
              "pending": false,
              "context": null,
              "code": "cy.visit(\"https://webdriveruniversity.com/\");\ncy.get(\"#automation-test-store\").invoke(\"removeAttr\", \"target\").click();",
              "err": {},
              "uuid": "a67029ed-dc93-4567-a48c-13940c0795b0",
              "parentUUID": "4ad6b0e9-2ca7-4d7d-a659-4249d749f4e7",
              "isHook": false,
              "skipped": false
            }
          ],
          "suites": [],
          "passes": [
            "a67029ed-dc93-4567-a48c-13940c0795b0"
          ],
          "failures": [
            "f42b21ae-f9dc-4ac7-993e-a624b6a24862"
          ],
          "pending": [],
          "skipped": [],
          "duration": 10549,
          "root": false,
          "rootEmpty": false,
          "_timeout": 2000
        }
      ],
      "passes": [],
      "failures": [],
      "pending": [],
      "skipped": [],
      "duration": 0,
      "root": true,
      "rootEmpty": true,
      "_timeout": 2000
    },
    {
      "uuid": "14cbdc94-e2b0-4c03-93ec-bc2ecd2a6664",
      "title": "",
      "fullFile": "cypress/integration/webdriver-uni/autocomplete-text-field.js",
      "file": "cypress/integration/webdriver-uni/autocomplete-text-field.js",
      "beforeHooks": [],
      "afterHooks": [],
      "tests": [],
      "suites": [
        {
          "uuid": "084b54fe-47d1-4662-bcdb-00570ea57c99",
          "title": "verify autocomplete dropdown",
          "fullFile": "",
          "file": "",
          "beforeHooks": [],
          "afterHooks": [],
          "tests": [
            {
              "title": "select specific element in autocomplete dropdwon",
              "fullTitle": "verify autocomplete dropdown select specific element in autocomplete dropdwon",
              "timedOut": null,
              "duration": 7081,
              "state": "passed",
              "speed": "medium",
              "pass": true,
              "fail": false,
              "pending": false,
              "context": null,
              "code": "cy.visit(\"https://webdriveruniversity.com\");\ncy.get(\"#autocomplete-textfield\").invoke(\"removeAttr\", \"target\").click({\n  force: true\n});\ncy.get(\"#myInput\").type(\"A\");\ncy.get(\"#myInputautocomplete-list >*\").each(($el, index, $list) => {\n  const prod = $el.text();\n  const prodToSelect = \"Avacado\";\n  if (prod === prodToSelect) {\n    //$el.click();\n    $el.trigger(\"click\");\n    cy.get(\"#submit-button\").click();\n    cy.url().should(\"include\", prodToSelect);\n  }\n}).then(() => {\n  cy.get(\"#myInput\").type(\"G\");\n  cy.get(\"#myInputautocomplete-list >*\").each(($el, index, $list) => {\n    const prod = $el.text();\n    const prodToSelect = \"Grapes\";\n    if (prod === prodToSelect) {\n      //$el.click();\n      $el.trigger(\"click\");\n      cy.get(\"#submit-button\").click();\n      cy.url().should(\"include\", prodToSelect);\n    }\n  });\n});",
              "err": {},
              "uuid": "97fae48e-f2a2-4f42-af19-68ebb5a2f034",
              "parentUUID": "084b54fe-47d1-4662-bcdb-00570ea57c99",
              "isHook": false,
              "skipped": false
            }
          ],
          "suites": [],
          "passes": [
            "97fae48e-f2a2-4f42-af19-68ebb5a2f034"
          ],
          "failures": [],
          "pending": [],
          "skipped": [],
          "duration": 7081,
          "root": false,
          "rootEmpty": false,
          "_timeout": 2000
        }
      ],
      "passes": [],
      "failures": [],
      "pending": [],
      "skipped": [],
      "duration": 0,
      "root": true,
      "rootEmpty": true,
      "_timeout": 2000
    },
    {
      "uuid": "387da983-5837-476a-843c-851ed98e60fe",
      "title": "",
      "fullFile": "cypress/integration/webdriver-uni/browser-navigations.js",
      "file": "cypress/integration/webdriver-uni/browser-navigations.js",
      "beforeHooks": [],
      "afterHooks": [],
      "tests": [],
      "suites": [
        {
          "uuid": "fe7ed003-c36e-45e0-9623-4ba6b3134526",
          "title": "validate webdriveruni links",
          "fullFile": "",
          "file": "",
          "beforeHooks": [],
          "afterHooks": [],
          "tests": [
            {
              "title": "confirm link redirections",
              "fullTitle": "validate webdriveruni links confirm link redirections",
              "timedOut": null,
              "duration": 4093,
              "state": "passed",
              "speed": "fast",
              "pass": true,
              "fail": false,
              "pending": false,
              "context": null,
              "code": "//cy.visit(\"https://webdriveruniversity.com/Contact-Us/contactus.html\");\ncy.visit(\"https://webdriveruniversity.com\"); //handling child window\ncy.get(\"#contact-us\").invoke(\"removeAttr\", \"target\").click({\n  force: true\n});\ncy.url().should(\"include\", \"Contact-Us\");\ncy.go(\"back\");\ncy.reload(); //cy.reload(true); without using cache\ncy.go(\"forward\");\ncy.url().should(\"include\", \"Contact-Us\");",
              "err": {},
              "uuid": "528b077b-20ad-432f-866f-5bd510447eef",
              "parentUUID": "fe7ed003-c36e-45e0-9623-4ba6b3134526",
              "isHook": false,
              "skipped": false
            }
          ],
          "suites": [],
          "passes": [
            "528b077b-20ad-432f-866f-5bd510447eef"
          ],
          "failures": [],
          "pending": [],
          "skipped": [],
          "duration": 4093,
          "root": false,
          "rootEmpty": false,
          "_timeout": 2000
        }
      ],
      "passes": [],
      "failures": [],
      "pending": [],
      "skipped": [],
      "duration": 0,
      "root": true,
      "rootEmpty": true,
      "_timeout": 2000
    },
    {
      "uuid": "8fefd07e-43d6-4faf-a3cc-bb26019977fc",
      "title": "",
      "fullFile": "cypress/integration/webdriver-uni/checkbox.js",
      "file": "cypress/integration/webdriver-uni/checkbox.js",
      "beforeHooks": [],
      "afterHooks": [],
      "tests": [],
      "suites": [
        {
          "uuid": "ada196a2-148e-445f-86ea-3c49154d9705",
          "title": "verify checkbox",
          "fullFile": "",
          "file": "",
          "beforeHooks": [],
          "afterHooks": [],
          "tests": [
            {
              "title": "select checkbox",
              "fullTitle": "verify checkbox select checkbox",
              "timedOut": null,
              "duration": 3179,
              "state": "passed",
              "speed": "fast",
              "pass": true,
              "fail": false,
              "pending": false,
              "context": null,
              "code": "//cy.get(\"#checkboxes > :nth-child(1) > input\").check().should(\"be.checked\");\ncy.get(\"#checkboxes > :nth-child(1) > input\").as(\"option1\");\ncy.get(\"@option1\").check().should(\"be.checked\");",
              "err": {},
              "uuid": "d56a3771-5878-4006-90a7-ec6ca169ac97",
              "parentUUID": "ada196a2-148e-445f-86ea-3c49154d9705",
              "isHook": false,
              "skipped": false
            },
            {
              "title": "deselct checkbox",
              "fullTitle": "verify checkbox deselct checkbox",
              "timedOut": null,
              "duration": 1878,
              "state": "passed",
              "speed": "fast",
              "pass": true,
              "fail": false,
              "pending": false,
              "context": null,
              "code": "cy.visit(\"https://webdriveruniversity.com\");\ncy.get(\"#dropdown-checkboxes-radiobuttons\").invoke(\"removeAttr\", \"target\").click({\n  force: true\n}); //cy.get(\"#checkboxes > :nth-child(1) > input\").check().should(\"be.checked\");\ncy.get(\":nth-child(5) > input\").uncheck().should(\"not.be.checked\");",
              "err": {},
              "uuid": "a22066ae-fa51-420e-bbb4-f82be0389320",
              "parentUUID": "ada196a2-148e-445f-86ea-3c49154d9705",
              "isHook": false,
              "skipped": false
            },
            {
              "title": "multiple checkbox",
              "fullTitle": "verify checkbox multiple checkbox",
              "timedOut": null,
              "duration": 1855,
              "state": "passed",
              "speed": "fast",
              "pass": true,
              "fail": false,
              "pending": false,
              "context": null,
              "code": "//cy.get(\"#checkboxes > :nth-child(1) > input\").check().should(\"be.checked\");\ncy.get(\"input[type='checkbox']\").check([\"option-1\", \"option-2\", \"option-3\", \"option-4\"]).should(\"be.checked\");",
              "err": {},
              "uuid": "871590d2-598f-4939-91ee-73614db6027d",
              "parentUUID": "ada196a2-148e-445f-86ea-3c49154d9705",
              "isHook": false,
              "skipped": false
            }
          ],
          "suites": [],
          "passes": [
            "d56a3771-5878-4006-90a7-ec6ca169ac97",
            "a22066ae-fa51-420e-bbb4-f82be0389320",
            "871590d2-598f-4939-91ee-73614db6027d"
          ],
          "failures": [],
          "pending": [],
          "skipped": [],
          "duration": 6912,
          "root": false,
          "rootEmpty": false,
          "_timeout": 2000
        }
      ],
      "passes": [],
      "failures": [],
      "pending": [],
      "skipped": [],
      "duration": 0,
      "root": true,
      "rootEmpty": true,
      "_timeout": 2000
    },
    {
      "uuid": "b400268a-8f91-4a3c-8928-80fe15790871",
      "title": "",
      "fullFile": "cypress/integration/webdriver-uni/contact-us.js",
      "file": "cypress/integration/webdriver-uni/contact-us.js",
      "beforeHooks": [],
      "afterHooks": [],
      "tests": [],
      "suites": [
        {
          "uuid": "f54c7534-b3cf-4db6-8f18-37b9e6f5d485",
          "title": "test group contact us form",
          "fullFile": "",
          "file": "",
          "beforeHooks": [],
          "afterHooks": [],
          "tests": [
            {
              "title": "should be able to submit contact us form",
              "fullTitle": "test group contact us form should be able to submit contact us form",
              "timedOut": null,
              "duration": 19626,
              "state": "failed",
              "speed": null,
              "pass": false,
              "fail": true,
              "pending": false,
              "context": null,
              "code": "//cy.visit(\"https://webdriveruniversity.com/Contact-Us/contactus.html\");\n// cy.visit(\"https://webdriveruniversity.com\");\n// //handling child window\n// cy.get(\"#contact-us\").invoke(\"removeAttr\", \"target\").click({ force: true });\n//cy documents, and\ncy.document().should(\"have.property\", \"charset\").and(\"eq\", \"UTF-8\"); //force\n//cy.get(\"#contact-us\").click({ force: true });\n//cy.title()\ncy.title().should(\"include\", \"WebDriver\"); //cy.url()\ncy.url().should(\"include\", \"contactus\"); // cy.get('[name=\"first_name\"]').type(data.first_name);\n// cy.get('[name=\"last_name\"]').type(data.last_name);\n// cy.get('[name=\"email\"]').type(data.email);\n// cy.get(\"textarea.feedback-input\").type(\"no comments\");\n// cy.get('[type=\"submit\"]').click();\n// cy.webdriveruni_contact_us_form_submission(\n// Cypress.env(\"first_name\"),\n//   data.last_name,\n//   data.email,\n//   \"no comments\",\n//   \"h1\",\n//   \"Thank You for your Message!\";\n// );\n// const contact_Us_PO = new Contact_Us_PO();\ncontact_Us_PO.contactForm_Submission(Cypress.env(\"first_name\"), data.last_name, data.email, \"no comments\", \"h1\", \"Thank You for your Message!2\"); //should\n// cy.get(\"h1\").should(\"have.text\", \"Thank You for your Message!\");",
              "err": {
                "message": "AssertionError: Timed out retrying after 9000ms: Expected to find content: 'Thank You for your Message!2' within the element: <h1> but never did.",
                "estack": "AssertionError: Timed out retrying after 9000ms: Expected to find content: 'Thank You for your Message!2' within the element: <h1> but never did.\n    at Conatct_Us_PO.contactForm_Submission (https://webdriveruniversity.com/__cypress/tests?p=cypress/integration/webdriver-uni/contact-us.js:220:31)\n    at Context.eval (https://webdriveruniversity.com/__cypress/tests?p=cypress/integration/webdriver-uni/contact-us.js:171:19)",
                "diff": null
              },
              "uuid": "e898eff5-a187-4ba2-aedb-62668de18bd7",
              "parentUUID": "f54c7534-b3cf-4db6-8f18-37b9e6f5d485",
              "isHook": false,
              "skipped": false
            },
            {
              "title": "should not be able to submit contact us form",
              "fullTitle": "test group contact us form should not be able to submit contact us form",
              "timedOut": null,
              "duration": 7982,
              "state": "passed",
              "speed": "medium",
              "pass": true,
              "fail": false,
              "pending": false,
              "context": null,
              "code": "//cy.visit(\"https://webdriveruniversity.com/Contact-Us/contactus.html\");\n// cy.visit(\"https://webdriveruniversity.com\");\n// cy.get(\"#contact-us\").invoke(\"removeAttr\", \"target\").click({ force: true });\n// cy.get('[name=\"first_name\"]').type(data.first_name);\n// cy.get('[name=\"last_name\"]').type(data.last_name);\n// cy.get(\"textarea.feedback-input\").type(\"no comments\");\n// cy.get('[type=\"submit\"]').click();\n// //contains\n// cy.get(\"body\").contains(\"Error: all fields are required\");\n// const contact_Us_PO = new Contact_Us_PO();\ncontact_Us_PO.contactForm_Submission(data.first_name, data.last_name, \" \", \"no comments\", \"body\", \"Error: Invalid email address\"); // cy.webdriveruni_contact_us_form_submission(\n//   data.first_name,\n//   data.last_name,\n//   \" \",\n//   \"no comments\",\n//   \"body\",\n//   \"Error: Invalid email address\"\n// );",
              "err": {},
              "uuid": "ecacd3bb-4259-4ecf-ad3f-934461ef2bcd",
              "parentUUID": "f54c7534-b3cf-4db6-8f18-37b9e6f5d485",
              "isHook": false,
              "skipped": false
            }
          ],
          "suites": [],
          "passes": [
            "ecacd3bb-4259-4ecf-ad3f-934461ef2bcd"
          ],
          "failures": [
            "e898eff5-a187-4ba2-aedb-62668de18bd7"
          ],
          "pending": [],
          "skipped": [],
          "duration": 27608,
          "root": false,
          "rootEmpty": false,
          "_timeout": 2000
        }
      ],
      "passes": [],
      "failures": [],
      "pending": [],
      "skipped": [],
      "duration": 0,
      "root": true,
      "rootEmpty": true,
      "_timeout": 2000
    },
    {
      "uuid": "960a902e-bc7e-4cdb-9bf8-948c97901abe",
      "title": "",
      "fullFile": "cypress/integration/webdriver-uni/data-table.js",
      "file": "cypress/integration/webdriver-uni/data-table.js",
      "beforeHooks": [],
      "afterHooks": [],
      "tests": [],
      "suites": [
        {
          "uuid": "caf84a07-e29d-48f4-ba59-88706d58b5c8",
          "title": "handling data-table",
          "fullFile": "",
          "file": "",
          "beforeHooks": [],
          "afterHooks": [],
          "tests": [
            {
              "title": "calculate and assert the totla of all users",
              "fullTitle": "handling data-table calculate and assert the totla of all users",
              "timedOut": null,
              "duration": 3730,
              "state": "passed",
              "speed": "fast",
              "pass": true,
              "fail": false,
              "pending": false,
              "context": null,
              "code": "var userDeatils = [];\nlet num = 0;\ncy.get(\"#thumbnail-1 td\").each(($el, index, $list) => {\n  userDeatils[index] = $el.text();\n}).then(() => {\n  var i;\n  for (i = 0; i < userDeatils.length; i++) {\n    if (Number(userDeatils[i])) {\n      num += Number(userDeatils[i]);\n    } //cy.log(userDeatils[i]);\n  }\n  cy.log(num);\n  expect(num).to.eq(322);\n});",
              "err": {},
              "uuid": "613a2665-be8d-48fa-b5c5-e25e6fea0161",
              "parentUUID": "caf84a07-e29d-48f4-ba59-88706d58b5c8",
              "isHook": false,
              "skipped": false
            },
            {
              "title": "calculate and assert the age of users on the basis of last nam",
              "fullTitle": "handling data-table calculate and assert the age of users on the basis of last nam",
              "timedOut": null,
              "duration": 1734,
              "state": "passed",
              "speed": "fast",
              "pass": true,
              "fail": false,
              "pending": false,
              "context": null,
              "code": "cy.get(\"#thumbnail-1 tr td:nth-child(2)\").each(($el, index, $list) => {\n  const text = $el.text();\n  if (text.includes(\"Woods\")) {\n    cy.get(\"#thumbnail-1 tr td:nth-child(2)\").eq(index).next().then(function (age) {\n      const userAge = age.text();\n      expect(userAge).to.equal(\"80\");\n    });\n  }\n});",
              "err": {},
              "uuid": "069ce6b3-62b2-4371-90ce-7c27a9d8fd72",
              "parentUUID": "caf84a07-e29d-48f4-ba59-88706d58b5c8",
              "isHook": false,
              "skipped": false
            }
          ],
          "suites": [],
          "passes": [
            "613a2665-be8d-48fa-b5c5-e25e6fea0161",
            "069ce6b3-62b2-4371-90ce-7c27a9d8fd72"
          ],
          "failures": [],
          "pending": [],
          "skipped": [],
          "duration": 5464,
          "root": false,
          "rootEmpty": false,
          "_timeout": 2000
        }
      ],
      "passes": [],
      "failures": [],
      "pending": [],
      "skipped": [],
      "duration": 0,
      "root": true,
      "rootEmpty": true,
      "_timeout": 2000
    },
    {
      "uuid": "4b89e754-6add-45b8-9c26-9f19acf02001",
      "title": "",
      "fullFile": "cypress/integration/webdriver-uni/date-pickers.js",
      "file": "cypress/integration/webdriver-uni/date-pickers.js",
      "beforeHooks": [],
      "afterHooks": [],
      "tests": [],
      "suites": [
        {
          "uuid": "926d1339-5106-46c8-8a8f-517542665720",
          "title": "date-picker",
          "fullFile": "",
          "file": "",
          "beforeHooks": [],
          "afterHooks": [],
          "tests": [
            {
              "title": "select date",
              "fullTitle": "date-picker select date",
              "timedOut": null,
              "duration": 3039,
              "state": "passed",
              "speed": "fast",
              "pass": true,
              "fail": false,
              "pending": false,
              "context": null,
              "code": "cy.visit(\"https://webdriveruniversity.com\");\ncy.get(\"#datepicker\").invoke(\"removeAttr\", \"target\").click({\n  force: true\n});\ncy.get(\"#datepicker\").click(); // let date = new Date();\n// date.setDate(date.getDate()); // current date\n// cy.log(date.getDate());\n// let date2 = new Date();\n// date2.setDate(date2.getDate() + 5);\n// cy.log(date2.getDate());\nvar date = new Date();\ndate.setDate(date.getDate() + 1);\nvar futureYear = date.getFullYear();\nvar futureMonth = date.toLocaleString(\"default\", {\n  month: \"long\"\n});\nvar futureDay = date.getDate();\ncy.log(futureYear);\ncy.log(futureMonth);\ncy.log(futureDay);\nfunction selectMonthAndyear() {\n  cy.get(\".datepicker-dropdown\").find(\".datepicker-switch\").first().then(currentDate => {\n    if (!currentDate.text().includes(futureYear)) {\n      cy.get(\".next\").first().click();\n      selectMonthAndyear();\n    }\n  }).then(() => {\n    cy.get(\".datepicker-dropdown\").find(\".datepicker-switch\").first().then(currentDate => {\n      if (!currentDate.text().includes(futureMonth)) {\n        cy.get(\".next\").first().click();\n        selectMonthAndyear();\n      }\n    });\n  });\n}\nfunction selectFutureDate() {\n  cy.get(\"[class='day']\").contains(futureDay).click();\n}\nselectMonthAndyear();\nselectFutureDate();",
              "err": {},
              "uuid": "e8fc699b-47f2-466c-8303-1531d9340c84",
              "parentUUID": "926d1339-5106-46c8-8a8f-517542665720",
              "isHook": false,
              "skipped": false
            }
          ],
          "suites": [],
          "passes": [
            "e8fc699b-47f2-466c-8303-1531d9340c84"
          ],
          "failures": [],
          "pending": [],
          "skipped": [],
          "duration": 3039,
          "root": false,
          "rootEmpty": false,
          "_timeout": 2000
        }
      ],
      "passes": [],
      "failures": [],
      "pending": [],
      "skipped": [],
      "duration": 0,
      "root": true,
      "rootEmpty": true,
      "_timeout": 2000
    },
    {
      "uuid": "e1c2a7f6-b7c0-4aab-bfb6-70027cf912ea",
      "title": "",
      "fullFile": "cypress/integration/webdriver-uni/file-upload.js",
      "file": "cypress/integration/webdriver-uni/file-upload.js",
      "beforeHooks": [],
      "afterHooks": [],
      "tests": [],
      "suites": [
        {
          "uuid": "a98e463d-37ce-4a21-bc35-6fb9aee25321",
          "title": "file upload",
          "fullFile": "",
          "file": "",
          "beforeHooks": [],
          "afterHooks": [],
          "tests": [
            {
              "title": "upload png file",
              "fullTitle": "file upload upload png file",
              "timedOut": null,
              "duration": 3067,
              "state": "passed",
              "speed": "fast",
              "pass": true,
              "fail": false,
              "pending": false,
              "context": null,
              "code": "cy.visit(\"https://webdriveruniversity.com\");\ncy.get(\"#file-upload\").invoke(\"removeAttr\", \"target\").click({\n  force: true\n});\ncy.fixture(\"GAURAV.jpeg\", \"base64\").then(fileContent => {\n  cy.get(\"#myFile\").attachFile({\n    fileContent,\n    fileName: \"GAURAV.jpeg\",\n    mime: \"image / jpeg\"\n  }, {\n    uploadType: \"input\"\n  });\n});\ncy.get(\"#submit-button\").click();",
              "err": {},
              "uuid": "94db1303-3c27-49d8-bb95-79493907925a",
              "parentUUID": "a98e463d-37ce-4a21-bc35-6fb9aee25321",
              "isHook": false,
              "skipped": false
            },
            {
              "title": "upload no file",
              "fullTitle": "file upload upload no file",
              "timedOut": null,
              "duration": 1189,
              "state": "passed",
              "speed": "fast",
              "pass": true,
              "fail": false,
              "pending": false,
              "context": null,
              "code": "cy.visit(\"https://webdriveruniversity.com\");\ncy.get(\"#file-upload\").invoke(\"removeAttr\", \"target\").click({\n  force: true\n});\ncy.get(\"#submit-button\").click();",
              "err": {},
              "uuid": "c84c29fe-1aa4-432d-92c2-373ff429367e",
              "parentUUID": "a98e463d-37ce-4a21-bc35-6fb9aee25321",
              "isHook": false,
              "skipped": false
            }
          ],
          "suites": [],
          "passes": [
            "94db1303-3c27-49d8-bb95-79493907925a",
            "c84c29fe-1aa4-432d-92c2-373ff429367e"
          ],
          "failures": [],
          "pending": [],
          "skipped": [],
          "duration": 4256,
          "root": false,
          "rootEmpty": false,
          "_timeout": 2000
        }
      ],
      "passes": [],
      "failures": [],
      "pending": [],
      "skipped": [],
      "duration": 0,
      "root": true,
      "rootEmpty": true,
      "_timeout": 2000
    },
    {
      "uuid": "5af29d8c-7edb-4c18-b548-ddda9ff47fa4",
      "title": "",
      "fullFile": "cypress/integration/webdriver-uni/hooks.js",
      "file": "cypress/integration/webdriver-uni/hooks.js",
      "beforeHooks": [],
      "afterHooks": [],
      "tests": [],
      "suites": [
        {
          "uuid": "a6607c8b-fc86-4832-bdb4-8e88e30efeea",
          "title": "Hooks",
          "fullFile": "",
          "file": "",
          "beforeHooks": [],
          "afterHooks": [],
          "tests": [
            {
              "title": "exampleTest1",
              "fullTitle": "Hooks exampleTest1",
              "timedOut": null,
              "duration": 229,
              "state": "passed",
              "speed": "fast",
              "pass": true,
              "fail": false,
              "pending": false,
              "context": null,
              "code": "cy.log(\"Example test 1\");",
              "err": {},
              "uuid": "37777c93-ac73-4af9-bb78-0a6071af7e09",
              "parentUUID": "a6607c8b-fc86-4832-bdb4-8e88e30efeea",
              "isHook": false,
              "skipped": false
            },
            {
              "title": "exampleTest2",
              "fullTitle": "Hooks exampleTest2",
              "timedOut": null,
              "duration": 93,
              "state": "passed",
              "speed": "fast",
              "pass": true,
              "fail": false,
              "pending": false,
              "context": null,
              "code": "cy.log(\"Example test 2\");",
              "err": {},
              "uuid": "59e6d735-37c9-44c4-92a6-f0b1019aa5b6",
              "parentUUID": "a6607c8b-fc86-4832-bdb4-8e88e30efeea",
              "isHook": false,
              "skipped": false
            }
          ],
          "suites": [],
          "passes": [
            "37777c93-ac73-4af9-bb78-0a6071af7e09",
            "59e6d735-37c9-44c4-92a6-f0b1019aa5b6"
          ],
          "failures": [],
          "pending": [],
          "skipped": [],
          "duration": 322,
          "root": false,
          "rootEmpty": false,
          "_timeout": 2000
        }
      ],
      "passes": [],
      "failures": [],
      "pending": [],
      "skipped": [],
      "duration": 0,
      "root": true,
      "rootEmpty": true,
      "_timeout": 2000
    },
    {
      "uuid": "569c7b84-9281-408d-a969-d3ab336b1940",
      "title": "",
      "fullFile": "cypress/integration/webdriver-uni/iframe.js",
      "file": "cypress/integration/webdriver-uni/iframe.js",
      "beforeHooks": [],
      "afterHooks": [],
      "tests": [],
      "suites": [
        {
          "uuid": "f1b0f4dd-4586-4ad1-b707-300b80f2ceef",
          "title": "handling with iframes and modal",
          "fullFile": "",
          "file": "",
          "beforeHooks": [],
          "afterHooks": [],
          "tests": [
            {
              "title": "handle webdriver uni iframe and modal",
              "fullTitle": "handling with iframes and modal handle webdriver uni iframe and modal",
              "timedOut": null,
              "duration": 3910,
              "state": "passed",
              "speed": "fast",
              "pass": true,
              "fail": false,
              "pending": false,
              "context": null,
              "code": "cy.visit(\"https://webdriveruniversity.com\");\ncy.get(\"#iframe\").invoke(\"removeAttr\", \"target\").click({\n  force: true\n});\ncy.get(\"#frame\").then($iframe => {\n  const body = $iframe.contents().find(\"body\"); // html body tag\n  cy.wrap(body).as(\"iframe\"); // wrap up and giving alias\n  cy.get(\"@iframe\").find(\"#button-find-out-more\").click();\n  cy.get(\"@iframe\").find(\"#myModal\").as(\"modal\"); // alias for modal\n  cy.get(\"@modal\").should($expecedtext => {\n    const text = $expecedtext.text();\n    expect(text).to.include(\"Welcome\");\n  });\n  cy.get(\"@modal\").contains(\"Close\").click();\n});",
              "err": {},
              "uuid": "ee8a16a1-c4a5-4089-9262-ea6edcdb384f",
              "parentUUID": "f1b0f4dd-4586-4ad1-b707-300b80f2ceef",
              "isHook": false,
              "skipped": false
            }
          ],
          "suites": [],
          "passes": [
            "ee8a16a1-c4a5-4089-9262-ea6edcdb384f"
          ],
          "failures": [],
          "pending": [],
          "skipped": [],
          "duration": 3910,
          "root": false,
          "rootEmpty": false,
          "_timeout": 2000
        }
      ],
      "passes": [],
      "failures": [],
      "pending": [],
      "skipped": [],
      "duration": 0,
      "root": true,
      "rootEmpty": true,
      "_timeout": 2000
    },
    {
      "uuid": "5979f00f-6aad-4c43-9969-272825fa06e7",
      "title": "",
      "fullFile": "cypress/integration/webdriver-uni/js-alert.js",
      "file": "cypress/integration/webdriver-uni/js-alert.js",
      "beforeHooks": [],
      "afterHooks": [],
      "tests": [],
      "suites": [
        {
          "uuid": "9e561d3f-eb92-40f5-a174-e896edfca94a",
          "title": "handiling js alert",
          "fullFile": "",
          "file": "",
          "beforeHooks": [],
          "afterHooks": [],
          "tests": [
            {
              "title": "validate text of alert",
              "fullTitle": "handiling js alert validate text of alert",
              "timedOut": null,
              "duration": 3117,
              "state": "passed",
              "speed": "fast",
              "pass": true,
              "fail": false,
              "pending": false,
              "context": null,
              "code": "//cy.visit(\"https://webdriveruniversity.com/Contact-Us/contactus.html\");\ncy.visit(\"https://webdriveruniversity.com\");\ncy.get(\"#popup-alerts\").invoke(\"removeAttr\", \"target\").click({\n  force: true\n});\ncy.get(\"#button1\").click();\ncy.on(\"window:alert\", str => {\n  expect(str).to.equal(\"I am an alert box!\");\n});",
              "err": {},
              "uuid": "9984ac18-2d21-4923-99e5-c17771462115",
              "parentUUID": "9e561d3f-eb92-40f5-a174-e896edfca94a",
              "isHook": false,
              "skipped": false
            },
            {
              "title": "validate js alert box when click on ok",
              "fullTitle": "handiling js alert validate js alert box when click on ok",
              "timedOut": null,
              "duration": 1728,
              "state": "passed",
              "speed": "fast",
              "pass": true,
              "fail": false,
              "pending": false,
              "context": null,
              "code": "//cy.visit(\"https://webdriveruniversity.com/Contact-Us/contactus.html\");\ncy.visit(\"https://webdriveruniversity.com\");\ncy.get(\"#popup-alerts\").invoke(\"removeAttr\", \"target\").click({\n  force: true\n});\ncy.get(\"#button4\").click({\n  force: true\n});\ncy.on(\"window:confirm\", str => {\n  return true;\n});\ncy.get(\"#confirm-alert-text\").contains(\"You pressed OK\");",
              "err": {},
              "uuid": "c09d129a-dc72-40e8-81a4-75fb5a472e41",
              "parentUUID": "9e561d3f-eb92-40f5-a174-e896edfca94a",
              "isHook": false,
              "skipped": false
            },
            {
              "title": "validate js alert box when click on cancel",
              "fullTitle": "handiling js alert validate js alert box when click on cancel",
              "timedOut": null,
              "duration": 1529,
              "state": "passed",
              "speed": "fast",
              "pass": true,
              "fail": false,
              "pending": false,
              "context": null,
              "code": "//cy.visit(\"https://webdriveruniversity.com/Contact-Us/contactus.html\");\ncy.visit(\"https://webdriveruniversity.com\");\ncy.get(\"#popup-alerts\").invoke(\"removeAttr\", \"target\").click({\n  force: true\n});\ncy.get(\"#button4\").click({\n  force: true\n});\ncy.on(\"window:confirm\", str => {\n  return false;\n});\ncy.get(\"#confirm-alert-text\").contains(\"You pressed Cancel\");",
              "err": {},
              "uuid": "7c2125a8-2db2-464c-ab2d-65f06c19bc74",
              "parentUUID": "9e561d3f-eb92-40f5-a174-e896edfca94a",
              "isHook": false,
              "skipped": false
            },
            {
              "title": "validate js alert box when using stub",
              "fullTitle": "handiling js alert validate js alert box when using stub",
              "timedOut": null,
              "duration": 1608,
              "state": "passed",
              "speed": "fast",
              "pass": true,
              "fail": false,
              "pending": false,
              "context": null,
              "code": "cy.visit(\"https://webdriveruniversity.com\");\ncy.get(\"#popup-alerts\").invoke(\"removeAttr\", \"target\").click({\n  force: true\n});\nconst stub = cy.stub();\ncy.on(\"window:confirm\", stub);\ncy.get(\"#button4\").click().then(() => {\n  expect(stub.getCall(0)).to.be.calledWith(\"Press a button!\");\n}).then(() => {\n  return true;\n}).then(() => {\n  cy.get(\"#confirm-alert-text\").contains(\"You pressed OK\");\n});",
              "err": {},
              "uuid": "eebf2c81-0d10-47a7-b32d-38b931dac01a",
              "parentUUID": "9e561d3f-eb92-40f5-a174-e896edfca94a",
              "isHook": false,
              "skipped": false
            }
          ],
          "suites": [],
          "passes": [
            "9984ac18-2d21-4923-99e5-c17771462115",
            "c09d129a-dc72-40e8-81a4-75fb5a472e41",
            "7c2125a8-2db2-464c-ab2d-65f06c19bc74",
            "eebf2c81-0d10-47a7-b32d-38b931dac01a"
          ],
          "failures": [],
          "pending": [],
          "skipped": [],
          "duration": 7982,
          "root": false,
          "rootEmpty": false,
          "_timeout": 2000
        }
      ],
      "passes": [],
      "failures": [],
      "pending": [],
      "skipped": [],
      "duration": 0,
      "root": true,
      "rootEmpty": true,
      "_timeout": 2000
    },
    {
      "uuid": "31225eea-659b-47f6-820e-06c873a62d06",
      "title": "",
      "fullFile": "cypress/integration/webdriver-uni/mouse-actions.js",
      "file": "cypress/integration/webdriver-uni/mouse-actions.js",
      "beforeHooks": [],
      "afterHooks": [],
      "tests": [],
      "suites": [
        {
          "uuid": "9e0f64dc-b02e-42c8-801d-3ccf352ad59c",
          "title": "Test mouse actions",
          "fullFile": "",
          "file": "",
          "beforeHooks": [],
          "afterHooks": [],
          "tests": [
            {
              "title": "scroll element into view",
              "fullTitle": "Test mouse actions scroll element into view",
              "timedOut": null,
              "duration": 2627,
              "state": "passed",
              "speed": "fast",
              "pass": true,
              "fail": false,
              "pending": false,
              "context": null,
              "code": "cy.visit(\"https://webdriveruniversity.com\");\ncy.get(\"#actions\").scrollIntoView().invoke(\"removeAttr\", \"target\").click({\n  force: true\n});",
              "err": {},
              "uuid": "966d8cf9-198e-446b-b33d-c3147df61183",
              "parentUUID": "9e0f64dc-b02e-42c8-801d-3ccf352ad59c",
              "isHook": false,
              "skipped": false
            },
            {
              "title": "drag and drop",
              "fullTitle": "Test mouse actions drag and drop",
              "timedOut": null,
              "duration": 1159,
              "state": "passed",
              "speed": "fast",
              "pass": true,
              "fail": false,
              "pending": false,
              "context": null,
              "code": "cy.visit(\"https://webdriveruniversity.com\");\ncy.get(\"#actions\").scrollIntoView().invoke(\"removeAttr\", \"target\").click({\n  force: true\n});\ncy.get(\"#draggable\").trigger(\"mousedown\", {\n  which: 1\n});\ncy.get(\"#droppable\").trigger(\"mousemove\").trigger(\"mouseup\", {\n  force: true\n});",
              "err": {},
              "uuid": "69b199f1-c329-4142-b446-1dc1c2880be5",
              "parentUUID": "9e0f64dc-b02e-42c8-801d-3ccf352ad59c",
              "isHook": false,
              "skipped": false
            },
            {
              "title": "double click",
              "fullTitle": "Test mouse actions double click",
              "timedOut": null,
              "duration": 1403,
              "state": "passed",
              "speed": "fast",
              "pass": true,
              "fail": false,
              "pending": false,
              "context": null,
              "code": "cy.visit(\"https://webdriveruniversity.com\");\ncy.get(\"#actions\").scrollIntoView().invoke(\"removeAttr\", \"target\").click({\n  force: true\n});\ncy.get(\"#double-click\").dblclick();",
              "err": {},
              "uuid": "69ec36ff-a329-4438-81f8-461e1e460159",
              "parentUUID": "9e0f64dc-b02e-42c8-801d-3ccf352ad59c",
              "isHook": false,
              "skipped": false
            },
            {
              "title": "hold down the left mouse key on a given item",
              "fullTitle": "Test mouse actions hold down the left mouse key on a given item",
              "timedOut": null,
              "duration": 1638,
              "state": "passed",
              "speed": "fast",
              "pass": true,
              "fail": false,
              "pending": false,
              "context": null,
              "code": "cy.visit(\"https://webdriveruniversity.com\");\ncy.get(\"#actions\").scrollIntoView().invoke(\"removeAttr\", \"target\").click({\n  force: true\n});\ncy.get(\"#click-box\").trigger(\"mousedown\", {\n  which: 1\n}).then($elemnet => {\n  expect($elemnet).to.have.css(\"background-color\", \"rgb(0, 255, 0)\");\n});",
              "err": {},
              "uuid": "4591aa13-06d2-46ff-996a-c91aaf523cd4",
              "parentUUID": "9e0f64dc-b02e-42c8-801d-3ccf352ad59c",
              "isHook": false,
              "skipped": false
            }
          ],
          "suites": [],
          "passes": [
            "966d8cf9-198e-446b-b33d-c3147df61183",
            "69b199f1-c329-4142-b446-1dc1c2880be5",
            "69ec36ff-a329-4438-81f8-461e1e460159",
            "4591aa13-06d2-46ff-996a-c91aaf523cd4"
          ],
          "failures": [],
          "pending": [],
          "skipped": [],
          "duration": 6827,
          "root": false,
          "rootEmpty": false,
          "_timeout": 2000
        }
      ],
      "passes": [],
      "failures": [],
      "pending": [],
      "skipped": [],
      "duration": 0,
      "root": true,
      "rootEmpty": true,
      "_timeout": 2000
    },
    {
      "uuid": "8cda271a-a553-4f04-ae4e-fda6bd8296bc",
      "title": "",
      "fullFile": "cypress/integration/webdriver-uni/radio-button.js",
      "file": "cypress/integration/webdriver-uni/radio-button.js",
      "beforeHooks": [],
      "afterHooks": [],
      "tests": [],
      "suites": [
        {
          "uuid": "b8cf3395-4bc9-44fc-baa6-1b31e4b84006",
          "title": "verify radio button",
          "fullFile": "",
          "file": "",
          "beforeHooks": [],
          "afterHooks": [],
          "tests": [
            {
              "title": "select radio button",
              "fullTitle": "verify radio button select radio button",
              "timedOut": null,
              "duration": 2829,
              "state": "passed",
              "speed": "fast",
              "pass": true,
              "fail": false,
              "pending": false,
              "context": null,
              "code": "cy.visit(\"https://webdriveruniversity.com\");\ncy.get(\"#dropdown-checkboxes-radiobuttons\").invoke(\"removeAttr\", \"target\").click({\n  force: true\n});\ncy.get(\"#radio-buttons\").find(\"input[type='radio']\").first().check();\ncy.get(\"#radio-buttons\").find(\"input[type='radio']\").eq(1).check();",
              "err": {},
              "uuid": "7ff3b273-46ff-4652-a9b6-a179233b4192",
              "parentUUID": "b8cf3395-4bc9-44fc-baa6-1b31e4b84006",
              "isHook": false,
              "skipped": false
            },
            {
              "title": "validate state of radio button",
              "fullTitle": "verify radio button validate state of radio button",
              "timedOut": null,
              "duration": 901,
              "state": "passed",
              "speed": "fast",
              "pass": true,
              "fail": false,
              "pending": false,
              "context": null,
              "code": "cy.visit(\"https://webdriveruniversity.com\");\ncy.get(\"#dropdown-checkboxes-radiobuttons\").invoke(\"removeAttr\", \"target\").click({\n  force: true\n});\ncy.get('input[value = \"lettuce\"]').should(\"not.be.checked\");\ncy.get('input[value = \"pumpkin\"]').should(\"be.checked\");\ncy.get('input[value = \"cabbage\"]').should(\"be.disabled\");",
              "err": {},
              "uuid": "699c308c-5c89-48d8-9ab3-ddf68fb4fc08",
              "parentUUID": "b8cf3395-4bc9-44fc-baa6-1b31e4b84006",
              "isHook": false,
              "skipped": false
            }
          ],
          "suites": [],
          "passes": [
            "7ff3b273-46ff-4652-a9b6-a179233b4192",
            "699c308c-5c89-48d8-9ab3-ddf68fb4fc08"
          ],
          "failures": [],
          "pending": [],
          "skipped": [],
          "duration": 3730,
          "root": false,
          "rootEmpty": false,
          "_timeout": 2000
        }
      ],
      "passes": [],
      "failures": [],
      "pending": [],
      "skipped": [],
      "duration": 0,
      "root": true,
      "rootEmpty": true,
      "_timeout": 2000
    },
    {
      "uuid": "bced88a1-0267-44e4-aeb1-665762d62a51",
      "title": "",
      "fullFile": "cypress/integration/webdriver-uni/select-dropdown.js",
      "file": "cypress/integration/webdriver-uni/select-dropdown.js",
      "beforeHooks": [],
      "afterHooks": [],
      "tests": [],
      "suites": [
        {
          "uuid": "c504ec60-6b1d-4e47-9d5a-052d07b0e5d3",
          "title": "interact with static dropdown",
          "fullFile": "",
          "file": "",
          "beforeHooks": [],
          "afterHooks": [],
          "tests": [
            {
              "title": "select specific element in static dropdwon",
              "fullTitle": "interact with static dropdown select specific element in static dropdwon",
              "timedOut": null,
              "duration": 3713,
              "state": "passed",
              "speed": "fast",
              "pass": true,
              "fail": false,
              "pending": false,
              "context": null,
              "code": "cy.visit(\"https://webdriveruniversity.com\");\ncy.get(\"#dropdown-checkboxes-radiobuttons\").invoke(\"removeAttr\", \"target\").click({\n  force: true\n});\ncy.get(\"#dropdowm-menu-1\").select(\"c#\");\ncy.get(\"#dropdowm-menu-2\").select(\"testng\").should(\"have.value\", \"testng\");\ncy.get(\"#dropdowm-menu-3\").select(\"JQuery\").contains(\"JQuery\");\ncy.get(\"#dropdowm-menu-2\").select(\"maven\").should(\"have.value\", \"maven\");\ncy.get(\"#dropdowm-menu-2\").select(\"TestNG\").contains(\"TestNG\");",
              "err": {},
              "uuid": "f675d772-8a2c-4617-b349-e7cb5972b7bc",
              "parentUUID": "c504ec60-6b1d-4e47-9d5a-052d07b0e5d3",
              "isHook": false,
              "skipped": false
            }
          ],
          "suites": [],
          "passes": [
            "f675d772-8a2c-4617-b349-e7cb5972b7bc"
          ],
          "failures": [],
          "pending": [],
          "skipped": [],
          "duration": 3713,
          "root": false,
          "rootEmpty": false,
          "_timeout": 2000
        }
      ],
      "passes": [],
      "failures": [],
      "pending": [],
      "skipped": [],
      "duration": 0,
      "root": true,
      "rootEmpty": true,
      "_timeout": 2000
    },
    {
      "uuid": "48d4b45d-25a2-497d-adc6-485d5160d4c1",
      "title": "",
      "fullFile": "cypress/integration/webdriver-uni/traversing-elements.js",
      "file": "cypress/integration/webdriver-uni/traversing-elements.js",
      "beforeHooks": [],
      "afterHooks": [],
      "tests": [],
      "suites": [
        {
          "uuid": "20c182a7-321c-4c5b-9659-52b60615e4af",
          "title": "Traversing DOM elements in Cypress",
          "fullFile": "",
          "file": "",
          "beforeHooks": [],
          "afterHooks": [],
          "tests": [
            {
              "title": "siblings() To get all sibling DOM elements of elements",
              "fullTitle": "Traversing DOM elements in Cypress siblings() To get all sibling DOM elements of elements",
              "timedOut": null,
              "duration": 3914,
              "state": "passed",
              "speed": "fast",
              "pass": true,
              "fail": false,
              "pending": false,
              "context": null,
              "code": "cy.get(\".btn-group-toggle .active\").siblings().should(\"have.length\", 3);",
              "err": {},
              "uuid": "90cf7bd0-0908-4138-b3fc-339359a34fbf",
              "parentUUID": "20c182a7-321c-4c5b-9659-52b60615e4af",
              "isHook": false,
              "skipped": false
            }
          ],
          "suites": [],
          "passes": [
            "90cf7bd0-0908-4138-b3fc-339359a34fbf"
          ],
          "failures": [],
          "pending": [],
          "skipped": [],
          "duration": 3914,
          "root": false,
          "rootEmpty": false,
          "_timeout": 2000
        }
      ],
      "passes": [],
      "failures": [],
      "pending": [],
      "skipped": [],
      "duration": 0,
      "root": true,
      "rootEmpty": true,
      "_timeout": 2000
    }
  ],
  "meta": {
    "mocha": {
      "version": "7.0.1"
    },
    "mochawesome": {
      "options": {
        "quiet": false,
        "reportFilename": "mochawesome",
        "saveHtml": false,
        "saveJson": true,
        "consoleReporter": "spec",
        "useInlineDiffs": false,
        "code": true
      },
      "version": "7.1.3"
    },
    "marge": {
      "options": {
        "id": "default",
        "reportDir": "cypress/results/mochawesome",
        "quite": true,
        "overwrite": false,
        "html": false,
        "json": true
      },
      "version": "6.2.0"
    }
  }
}